<?xml version="1.0" encoding="UTF-8"?>
<!-- Generated by org.testng.reporters.JUnitReportReporter -->
<testsuite hostname="kompiuteris" failures="0" tests="1" name="org.ait.demoqa.tests.book.Store.LoginPageTests" time="10.518" errors="0" timestamp="2023-10-12T12:28:58 CEST" skipped="0">
  <testcase classname="org.ait.demoqa.tests.book.Store.LoginPageTests" name="loginPositiveTest" time="10.518"/>
</testsuite> <!-- org.ait.demoqa.tests.book.Store.LoginPageTests -->
